<?xml version="1.0" encoding="UTF-8"?>
<!-- Generated by org.testng.reporters.JUnitReportReporter -->
<testsuite skipped="0" hostname="LAPTOP-RDKSQOER" name="com.qa.testCases.CreateAccountTest" tests="1" failures="0" timestamp="2022-06-09T22:34:40 IST" time="9.476" errors="0">
  <testcase name="phpTravel" time="9.476" classname="com.qa.testCases.CreateAccountTest"/>
  <system-out/>
</testsuite> <!-- com.qa.testCases.CreateAccountTest -->
