<?xml version="1.0" encoding="UTF-8"?>
<!-- Generated by org.testng.reporters.JUnitReportReporter -->
<testsuite skipped="0" hostname="LAPTOP-RDKSQOER" name="com.qa.testCases.ActionsTest" tests="1" failures="0" timestamp="2022-06-07T20:26:55 IST" time="0.088" errors="0">
  <testcase name="testCase1" time="0.088" classname="com.qa.testCases.ActionsTest"/>
  <system-out/>
</testsuite> <!-- com.qa.testCases.ActionsTest -->
