<?xml version="1.0" encoding="UTF-8"?>
<!-- Generated by org.testng.reporters.JUnitReportReporter -->
<testsuite skipped="0" hostname="LAPTOP-RDKSQOER" name="com.qa.testCases.WhatsappTest" tests="1" failures="0" timestamp="2022-06-14T23:00:56 IST" time="103.681" errors="0">
  <testcase name="sendMsgTest" time="103.681" classname="com.qa.testCases.WhatsappTest"/>
  <system-out/>
</testsuite> <!-- com.qa.testCases.WhatsappTest -->
