<?xml version="1.0" encoding="UTF-8"?>
<!-- Generated by org.testng.reporters.JUnitReportReporter -->
<testsuite skipped="0" hostname="LAPTOP-RDKSQOER" name="LoginTest" tests="2" failures="0" timestamp="2022-06-01T00:34:48 IST" time="8.046" errors="0">
  <testcase name="testCase1" time="4.182" classname="LoginTest"/>
  <system-out/>
  <testcase name="testCase2" time="3.864" classname="LoginTest"/>
  <system-out/>
</testsuite> <!-- LoginTest -->
