<?xml version="1.0" encoding="UTF-8"?>
<!-- Generated by org.testng.reporters.JUnitReportReporter -->
<testsuite skipped="0" hostname="LAPTOP-RDKSQOER" name="com.qa.pages.GroupTestCase" tests="1" failures="0" timestamp="2022-06-23T23:26:44 IST" time="0.014" errors="0">
  <testcase name="testcase3" time="0.014" classname="com.qa.pages.GroupTestCase"/>
  <system-out/>
</testsuite> <!-- com.qa.pages.GroupTestCase -->
